200415 execve("/home/ubuntu/cytrone/.venv/bin/python3", ["python3", "-u", "/home/ubuntu/cytrone/code/contsr"..., "--path", "/home/ubuntu/cytrone/cylms/", "--config", "/home/ubuntu/cytrone/moodle/cylm"...], 0x7ffd5800de78 /* 35 vars */) = 0
200415 brk(NULL)                        = 0x591f000
200415 mmap(NULL, 8192, PROT_READ|PROT_WRITE, MAP_PRIVATE|MAP_ANONYMOUS, -1, 0) = 0x7b88a30e7000
200415 access("/etc/ld.so.preload", R_OK) = -1 ENOENT (No such file or directory)
200415 openat(AT_FDCWD, "/etc/ld.so.cache", O_RDONLY|O_CLOEXEC) = 3
200415 fstat(3, {st_mode=S_IFREG|0644, st_size=32331, ...}) = 0
200415 mmap(NULL, 32331, PROT_READ, MAP_PRIVATE, 3, 0) = 0x7b88a30df000
200415 close(3)                         = 0
200415 openat(AT_FDCWD, "/lib/x86_64-linux-gnu/libm.so.6", O_RDONLY|O_CLOEXEC) = 3
200415 read(3, "\177ELF\2\1\1\3\0\0\0\0\0\0\0\0\3\0>\0\1\0\0\0\0\0\0\0\0\0\0\0"..., 832) = 832
200415 fstat(3, {st_mode=S_IFREG|0644, st_size=952616, ...}) = 0
200415 mmap(NULL, 950296, PROT_READ, MAP_PRIVATE|MAP_DENYWRITE, 3, 0) = 0x7b88a2ff6000
200415 mmap(0x7b88a3006000, 520192, PROT_READ|PROT_EXEC, MAP_PRIVATE|MAP_FIXED|MAP_DENYWRITE, 3, 0x10000) = 0x7b88a3006000
200415 mmap(0x7b88a3085000, 360448, PROT_READ, MAP_PRIVATE|MAP_FIXED|MAP_DENYWRITE, 3, 0x8f000) = 0x7b88a3085000
200415 mmap(0x7b88a30dd000, 8192, PROT_READ|PROT_WRITE, MAP_PRIVATE|MAP_FIXED|MAP_DENYWRITE, 3, 0xe7000) = 0x7b88a30dd000
200415 close(3)                         = 0
200415 openat(AT_FDCWD, "/lib/x86_64-linux-gnu/libz.so.1", O_RDONLY|O_CLOEXEC) = 3
200415 read(3, "\177ELF\2\1\1\0\0\0\0\0\0\0\0\0\3\0>\0\1\0\0\0\0\0\0\0\0\0\0\0"..., 832) = 832
200415 fstat(3, {st_mode=S_IFREG|0644, st_size=113000, ...}) = 0
200415 mmap(NULL, 110744, PROT_READ, MAP_PRIVATE|MAP_DENYWRITE, 3, 0) = 0x7b88a2fda000
200415 mmap(0x7b88a2fdc000, 73728, PROT_READ|PROT_EXEC, MAP_PRIVATE|MAP_FIXED|MAP_DENYWRITE, 3, 0x2000) = 0x7b88a2fdc000
200415 mmap(0x7b88a2fee000, 24576, PROT_READ, MAP_PRIVATE|MAP_FIXED|MAP_DENYWRITE, 3, 0x14000) = 0x7b88a2fee000
200415 mmap(0x7b88a2ff4000, 8192, PROT_READ|PROT_WRITE, MAP_PRIVATE|MAP_FIXED|MAP_DENYWRITE, 3, 0x1a000) = 0x7b88a2ff4000
200415 close(3)                         = 0
200415 openat(AT_FDCWD, "/lib/x86_64-linux-gnu/libexpat.so.1", O_RDONLY|O_CLOEXEC) = 3
200415 read(3, "\177ELF\2\1\1\0\0\0\0\0\0\0\0\0\3\0>\0\1\0\0\0\0\0\0\0\0\0\0\0"..., 832) = 832
200415 fstat(3, {st_mode=S_IFREG|0644, st_size=174336, ...}) = 0
200415 mmap(NULL, 176256, PROT_READ, MAP_PRIVATE|MAP_DENYWRITE, 3, 0) = 0x7b88a2fae000
200415 mmap(0x7b88a2fb2000, 118784, PROT_READ|PROT_EXEC, MAP_PRIVATE|MAP_FIXED|MAP_DENYWRITE, 3, 0x4000) = 0x7b88a2fb2000
200415 mmap(0x7b88a2fcf000, 32768, PROT_READ, MAP_PRIVATE|MAP_FIXED|MAP_DENYWRITE, 3, 0x21000) = 0x7b88a2fcf000
200415 mmap(0x7b88a2fd7000, 12288, PROT_READ|PROT_WRITE, MAP_PRIVATE|MAP_FIXED|MAP_DENYWRITE, 3, 0x28000) = 0x7b88a2fd7000
200415 close(3)                         = 0
200415 openat(AT_FDCWD, "/lib/x86_64-linux-gnu/libc.so.6", O_RDONLY|O_CLOEXEC) = 3
200415 read(3, "\177ELF\2\1\1\3\0\0\0\0\0\0\0\0\3\0>\0\1\0\0\0\220\243\2\0\0\0\0\0"..., 832) = 832
200415 pread64(3, "\6\0\0\0\4\0\0\0@\0\0\0\0\0\0\0@\0\0\0\0\0\0\0@\0\0\0\0\0\0\0"..., 784, 64) = 784
200415 fstat(3, {st_mode=S_IFREG|0755, st_size=2125328, ...}) = 0
200415 pread64(3, "\6\0\0\0\4\0\0\0@\0\0\0\0\0\0\0@\0\0\0\0\0\0\0@\0\0\0\0\0\0\0"..., 784, 64) = 784
200415 mmap(NULL, 2170256, PROT_READ, MAP_PRIVATE|MAP_DENYWRITE, 3, 0) = 0x7b88a2c00000
200415 mmap(0x7b88a2c28000, 1605632, PROT_READ|PROT_EXEC, MAP_PRIVATE|MAP_FIXED|MAP_DENYWRITE, 3, 0x28000) = 0x7b88a2c28000
200415 mmap(0x7b88a2db0000, 323584, PROT_READ, MAP_PRIVATE|MAP_FIXED|MAP_DENYWRITE, 3, 0x1b0000) = 0x7b88a2db0000
200415 mmap(0x7b88a2dff000, 24576, PROT_READ|PROT_WRITE, MAP_PRIVATE|MAP_FIXED|MAP_DENYWRITE, 3, 0x1fe000) = 0x7b88a2dff000
200415 mmap(0x7b88a2e05000, 52624, PROT_READ|PROT_WRITE, MAP_PRIVATE|MAP_FIXED|MAP_ANONYMOUS, -1, 0) = 0x7b88a2e05000
200415 close(3)                         = 0
200415 mmap(NULL, 8192, PROT_READ|PROT_WRITE, MAP_PRIVATE|MAP_ANONYMOUS, -1, 0) = 0x7b88a2fac000
200415 arch_prctl(ARCH_SET_FS, 0x7b88a2fad080) = 0
200415 set_tid_address(0x7b88a2fad350)  = 200415
200415 set_robust_list(0x7b88a2fad360, 24) = 0
200415 rseq(0x7b88a2fad9a0, 0x20, 0, 0x53053053) = 0
200415 mprotect(0x7b88a2dff000, 16384, PROT_READ) = 0
200415 mprotect(0x7b88a2fd7000, 8192, PROT_READ) = 0
200415 mprotect(0x7b88a2ff4000, 4096, PROT_READ) = 0
200415 mprotect(0x7b88a30dd000, 4096, PROT_READ) = 0
200415 mprotect(0xa28000, 4096, PROT_READ) = 0
200415 mprotect(0x7b88a311f000, 8192, PROT_READ) = 0
200415 prlimit64(0, RLIMIT_STACK, NULL, {rlim_cur=8192*1024, rlim_max=RLIM64_INFINITY}) = 0
200415 munmap(0x7b88a30df000, 32331)    = 0
200415 getrandom("\xf2\xf0\xe9\xb5\x1e\xad\xd1\xdd", 8, GRND_NONBLOCK) = 8
200415 brk(NULL)                        = 0x591f000
200415 brk(0x5940000)                   = 0x5940000
200415 openat(AT_FDCWD, "/usr/lib/locale/locale-archive", O_RDONLY|O_CLOEXEC) = 3
200415 fstat(3, {st_mode=S_IFREG|0644, st_size=3055776, ...}) = 0
200415 mmap(NULL, 3055776, PROT_READ, MAP_PRIVATE, 3, 0) = 0x7b88a2800000
200415 close(3)                         = 0
200415 openat(AT_FDCWD, "/usr/lib/x86_64-linux-gnu/gconv/gconv-modules.cache", O_RDONLY|O_CLOEXEC) = 3
200415 fstat(3, {st_mode=S_IFREG|0644, st_size=27028, ...}) = 0
200415 mmap(NULL, 27028, PROT_READ, MAP_SHARED, 3, 0) = 0x7b88a30e0000
200415 close(3)                         = 0
200415 futex(0x7b88a2e0472c, FUTEX_WAKE_PRIVATE, 2147483647) = 0
200415 getrandom("\x26\x95\xaf\xf6\x21\x46\x73\x3f\x55\x23\x92\x44\x54\x76\xea\xa9\xc3\x56\x65\x41\x5c\xdd\xde\xc2", 24, GRND_NONBLOCK) = 24
200415 gettid()                         = 200415
200415 mmap(NULL, 1048576, PROT_READ|PROT_WRITE, MAP_PRIVATE|MAP_ANONYMOUS, -1, 0) = 0x7b88a2eac000
200415 mmap(NULL, 266240, PROT_READ|PROT_WRITE, MAP_PRIVATE|MAP_ANONYMOUS, -1, 0) = 0x7b88a2e6b000
200415 mmap(NULL, 135168, PROT_READ|PROT_WRITE, MAP_PRIVATE|MAP_ANONYMOUS, -1, 0) = 0x7b88a2e4a000
200415 brk(0x5961000)                   = 0x5961000
200415 brk(0x5982000)                   = 0x5982000
200415 mmap(NULL, 16384, PROT_READ|PROT_WRITE, MAP_PRIVATE|MAP_ANONYMOUS, -1, 0) = 0x7b88a2e46000
200415 newfstatat(AT_FDCWD, "/home/ubuntu/.nvm/versions/node/v22.18.0/bin/python3", 0x7ffc43a4e890, 0) = -1 ENOENT (No such file or directory)
200415 newfstatat(AT_FDCWD, "/home/ubuntu/.local/share/pnpm/python3", 0x7ffc43a4e890, 0) = -1 ENOENT (No such file or directory)
200415 newfstatat(AT_FDCWD, "/home/ubuntu/cytrone/.venv/bin/python3", {st_mode=S_IFREG|0755, st_size=8021824, ...}, 0) = 0
200415 openat(AT_FDCWD, "/home/ubuntu/cytrone/.venv/pyvenv.cfg", O_RDONLY) = 3
200415 fcntl(3, F_GETFD)                = 0
200415 fcntl(3, F_SETFD, FD_CLOEXEC)    = 0
200415 fstat(3, {st_mode=S_IFREG|0664, st_size=165, ...}) = 0
200415 read(3, "home = /usr/bin\ninclude-system-s"..., 32768) = 165
200415 read(3, "", 28672)               = 0
200415 close(3)                         = 0
200415 readlink("/home/ubuntu/cytrone/.venv/bin/python3", "/usr/bin/python3", 4096) = 16
200415 readlink("/usr/bin/python3", "python3.12", 4096) = 10
200415 readlink("/usr/bin/python3.12", 0x7ffc43a498b0, 4096) = -1 EINVAL (Invalid argument)
200415 readlink("/usr/bin/python3.12", 0x7ffc43a498b0, 4096) = -1 EINVAL (Invalid argument)
200415 openat(AT_FDCWD, "/home/ubuntu/cytrone/.venv/bin/python3._pth", O_RDONLY) = -1 ENOENT (No such file or directory)
200415 openat(AT_FDCWD, "/usr/bin/python3.12._pth", O_RDONLY) = -1 ENOENT (No such file or directory)
200415 openat(AT_FDCWD, "/usr/bin/pybuilddir.txt", O_RDONLY) = -1 ENOENT (No such file or directory)
200415 newfstatat(AT_FDCWD, "/usr/bin/Modules/Setup.local", 0x7ffc43a4e890, 0) = -1 ENOENT (No such file or directory)
200415 newfstatat(AT_FDCWD, "/usr/bin/lib/python312.zip", 0x7ffc43a4e650, 0) = -1 ENOENT (No such file or directory)
200415 newfstatat(AT_FDCWD, "/usr/lib/python312.zip", 0x7ffc43a4e6b0, 0) = -1 ENOENT (No such file or directory)
200415 newfstatat(AT_FDCWD, "/usr/bin/lib/python3.12/os.py", 0x7ffc43a4e6b0, 0) = -1 ENOENT (No such file or directory)
200415 newfstatat(AT_FDCWD, "/usr/bin/lib/python3.12/os.pyc", 0x7ffc43a4e6b0, 0) = -1 ENOENT (No such file or directory)
200415 newfstatat(AT_FDCWD, "/usr/lib/python3.12/os.py", {st_mode=S_IFREG|0644, st_size=39786, ...}, 0) = 0
200415 newfstatat(AT_FDCWD, "/usr/bin/lib/python3.12/lib-dynload", 0x7ffc43a4e6b0, 0) = -1 ENOENT (No such file or directory)
200415 newfstatat(AT_FDCWD, "/usr/lib/python3.12/lib-dynload", {st_mode=S_IFDIR|0755, st_size=4096, ...}, 0) = 0
200415 newfstatat(AT_FDCWD, "/usr/lib/python3.12/lib-dynload", {st_mode=S_IFDIR|0755, st_size=4096, ...}, 0) = 0
200415 getcwd("/home/ubuntu/cytrone/code", 4096) = 26
200415 brk(0x59a3000)                   = 0x59a3000
200415 openat(AT_FDCWD, "/etc/localtime", O_RDONLY|O_CLOEXEC) = 3
200415 fstat(3, {st_mode=S_IFREG|0644, st_size=309, ...}) = 0
200415 fstat(3, {st_mode=S_IFREG|0644, st_size=309, ...}) = 0
200415 read(3, "TZif2\0\0\0\0\0\0\0\0\0\0\0\0\0\0\0\0\0\0\4\0\0\0\4\0\0\0\0"..., 4096) = 309
200415 lseek(3, -176, SEEK_CUR)         = 133
200415 read(3, "TZif2\0\0\0\0\0\0\0\0\0\0\0\0\0\0\0\0\0\0\4\0\0\0\4\0\0\0\0"..., 4096) = 176
200415 close(3)                         = 0
200415 newfstatat(AT_FDCWD, "/home/ubuntu/cytrone/code", {st_mode=S_IFDIR|0775, st_size=4096, ...}, 0) = 0
200415 newfstatat(AT_FDCWD, "/home/ubuntu/cytrone/code", {st_mode=S_IFDIR|0775, st_size=4096, ...}, 0) = 0
200415 newfstatat(AT_FDCWD, "/home/ubuntu/cytrone/code", {st_mode=S_IFDIR|0775, st_size=4096, ...}, 0) = 0
200415 openat(AT_FDCWD, "/home/ubuntu/cytrone/code", O_RDONLY|O_NONBLOCK|O_CLOEXEC|O_DIRECTORY) = 3
200415 fstat(3, {st_mode=S_IFDIR|0775, st_size=4096, ...}) = 0
200415 getdents64(3, 0x59852a0 /* 16 entries */, 32768) = 528
200415 getdents64(3, 0x59852a0 /* 0 entries */, 32768) = 0
200415 close(3)                         = 0
200415 newfstatat(AT_FDCWD, "/home/ubuntu/cytrone/cylms", {st_mode=S_IFDIR|0775, st_size=4096, ...}, 0) = 0
200415 newfstatat(AT_FDCWD, "/home/ubuntu/cytrone/cylms", {st_mode=S_IFDIR|0775, st_size=4096, ...}, 0) = 0
200415 newfstatat(AT_FDCWD, "/home/ubuntu/cytrone/cylms", {st_mode=S_IFDIR|0775, st_size=4096, ...}, 0) = 0
200415 openat(AT_FDCWD, "/home/ubuntu/cytrone/cylms", O_RDONLY|O_NONBLOCK|O_CLOEXEC|O_DIRECTORY) = 3
200415 fstat(3, {st_mode=S_IFDIR|0775, st_size=4096, ...}) = 0
200415 getdents64(3, 0x59852a0 /* 20 entries */, 32768) = 664
200415 getdents64(3, 0x59852a0 /* 0 entries */, 32768) = 0
200415 close(3)                         = 0
200415 newfstatat(AT_FDCWD, "/usr/lib/python312.zip", 0x7ffc43a4e140, 0) = -1 ENOENT (No such file or directory)
200415 newfstatat(AT_FDCWD, "/usr/lib", {st_mode=S_IFDIR|0755, st_size=4096, ...}, 0) = 0
200415 newfstatat(AT_FDCWD, "/usr/lib/python312.zip", 0x7ffc43a4e460, 0) = -1 ENOENT (No such file or directory)
200415 newfstatat(AT_FDCWD, "/usr/lib/python3.12", {st_mode=S_IFDIR|0755, st_size=8192, ...}, 0) = 0
200415 newfstatat(AT_FDCWD, "/usr/lib/python3.12", {st_mode=S_IFDIR|0755, st_size=8192, ...}, 0) = 0
200415 newfstatat(AT_FDCWD, "/usr/lib/python3.12", {st_mode=S_IFDIR|0755, st_size=8192, ...}, 0) = 0
200415 openat(AT_FDCWD, "/usr/lib/python3.12", O_RDONLY|O_NONBLOCK|O_CLOEXEC|O_DIRECTORY) = 3
200415 fstat(3, {st_mode=S_IFDIR|0755, st_size=8192, ...}) = 0
200415 getdents64(3, 0x59852a0 /* 203 entries */, 32768) = 6784
200415 getdents64(3, 0x59852a0 /* 0 entries */, 32768) = 0
200415 close(3)                         = 0
200415 newfstatat(AT_FDCWD, "/usr/lib/python3.12/encodings/__init__.cpython-312-x86_64-linux-gnu.so", 0x7ffc43a4e460, 0) = -1 ENOENT (No such file or directory)
200415 newfstatat(AT_FDCWD, "/usr/lib/python3.12/encodings/__init__.abi3.so", 0x7ffc43a4e460, 0) = -1 ENOENT (No such file or directory)
200415 newfstatat(AT_FDCWD, "/usr/lib/python3.12/encodings/__init__.so", 0x7ffc43a4e460, 0) = -1 ENOENT (No such file or directory)
200415 newfstatat(AT_FDCWD, "/usr/lib/python3.12/encodings/__init__.py", {st_mode=S_IFREG|0644, st_size=5884, ...}, 0) = 0
200415 newfstatat(AT_FDCWD, "/usr/lib/python3.12/encodings/__init__.py", {st_mode=S_IFREG|0644, st_size=5884, ...}, 0) = 0
200415 openat(AT_FDCWD, "/usr/lib/python3.12/encodings/__pycache__/__init__.cpython-312.pyc", O_RDONLY|O_CLOEXEC) = 3
200415 fcntl(3, F_GETFD)                = 0x1 (flags FD_CLOEXEC)
200415 fstat(3, {st_mode=S_IFREG|0644, st_size=5790, ...}) = 0
200415 ioctl(3, TCGETS, 0x7ffc43a4e0a0) = -1 ENOTTY (Inappropriate ioctl for device)
200415 lseek(3, 0, SEEK_CUR)            = 0
200415 lseek(3, 0, SEEK_CUR)            = 0
200415 fstat(3, {st_mode=S_IFREG|0644, st_size=5790, ...}) = 0
200415 read(3, "\313\r\r\n\0\0\0\0\221\376Rh\374\26\0\0\343\0\0\0\0\0\0\0\0\0\0\0\0\6\0\0"..., 5791) = 5790
200415 read(3, "", 1)                   = 0
200415 close(3)                         = 0
200415 newfstatat(AT_FDCWD, "/usr/lib/python3.12/encodings", {st_mode=S_IFDIR|0755, st_size=8192, ...}, 0) = 0
200415 newfstatat(AT_FDCWD, "/usr/lib/python3.12/encodings", {st_mode=S_IFDIR|0755, st_size=8192, ...}, 0) = 0
200415 newfstatat(AT_FDCWD, "/usr/lib/python3.12/encodings", {st_mode=S_IFDIR|0755, st_size=8192, ...}, 0) = 0
200415 openat(AT_FDCWD, "/usr/lib/python3.12/encodings", O_RDONLY|O_NONBLOCK|O_CLOEXEC|O_DIRECTORY) = 3
200415 fstat(3, {st_mode=S_IFDIR|0755, st_size=8192, ...}) = 0
200415 getdents64(3, 0x598ea60 /* 125 entries */, 32768) = 4224
200415 getdents64(3, 0x598ea60 /* 0 entries */, 32768) = 0
200415 close(3)                         = 0
200415 newfstatat(AT_FDCWD, "/usr/lib/python3.12/encodings/aliases.py", {st_mode=S_IFREG|0644, st_size=15677, ...}, 0) = 0
200415 newfstatat(AT_FDCWD, "/usr/lib/python3.12/encodings/aliases.py", {st_mode=S_IFREG|0644, st_size=15677, ...}, 0) = 0
200415 openat(AT_FDCWD, "/usr/lib/python3.12/encodings/__pycache__/aliases.cpython-312.pyc", O_RDONLY|O_CLOEXEC) = 3
200415 fstat(3, {st_mode=S_IFREG|0644, st_size=12408, ...}) = 0
200415 ioctl(3, TCGETS, 0x7ffc43a4d620) = -1 ENOTTY (Inappropriate ioctl for device)
200415 lseek(3, 0, SEEK_CUR)            = 0
200415 lseek(3, 0, SEEK_CUR)            = 0
200415 fstat(3, {st_mode=S_IFREG|0644, st_size=12408, ...}) = 0
200415 read(3, "\313\r\r\n\0\0\0\0\221\376Rh==\0\0\343\0\0\0\0\0\0\0\0\0\0\0\0\5\0\0"..., 12409) = 12408
200415 read(3, "", 1)                   = 0
200415 close(3)                         = 0
200415 brk(0x59c5000)                   = 0x59c5000
200415 newfstatat(AT_FDCWD, "/usr/lib/python3.12/encodings", {st_mode=S_IFDIR|0755, st_size=8192, ...}, 0) = 0
200415 newfstatat(AT_FDCWD, "/usr/lib/python3.12/encodings/utf_8.py", {st_mode=S_IFREG|0644, st_size=1005, ...}, 0) = 0
200415 newfstatat(AT_FDCWD, "/usr/lib/python3.12/encodings/utf_8.py", {st_mode=S_IFREG|0644, st_size=1005, ...}, 0) = 0
200415 openat(AT_FDCWD, "/usr/lib/python3.12/encodings/__pycache__/utf_8.cpython-312.pyc", O_RDONLY|O_CLOEXEC) = 3
200415 fstat(3, {st_mode=S_IFREG|0644, st_size=2147, ...}) = 0
200415 ioctl(3, TCGETS, 0x7ffc43a4e130) = -1 ENOTTY (Inappropriate ioctl for device)
200415 lseek(3, 0, SEEK_CUR)            = 0
200415 lseek(3, 0, SEEK_CUR)            = 0
200415 fstat(3, {st_mode=S_IFREG|0644, st_size=2147, ...}) = 0
200415 read(3, "\313\r\r\n\0\0\0\0\221\376Rh\355\3\0\0\343\0\0\0\0\0\0\0\0\0\0\0\0\5\0\0"..., 2148) = 2147
200415 read(3, "", 1)                   = 0
200415 close(3)                         = 0
200415 rt_sigaction(SIGPIPE, {sa_handler=SIG_IGN, sa_mask=[], sa_flags=SA_RESTORER|SA_ONSTACK, sa_restorer=0x7b88a2c45330}, {sa_handler=SIG_DFL, sa_mask=[], sa_flags=0}, 8) = 0
200415 rt_sigaction(SIGXFSZ, {sa_handler=SIG_IGN, sa_mask=[], sa_flags=SA_RESTORER|SA_ONSTACK, sa_restorer=0x7b88a2c45330}, {sa_handler=SIG_DFL, sa_mask=[], sa_flags=0}, 8) = 0
200415 rt_sigaction(SIGHUP, NULL, {sa_handler=SIG_DFL, sa_mask=[], sa_flags=0}, 8) = 0
200415 rt_sigaction(SIGINT, NULL, {sa_handler=SIG_IGN, sa_mask=[], sa_flags=0}, 8) = 0
200415 rt_sigaction(SIGQUIT, NULL, {sa_handler=SIG_IGN, sa_mask=[], sa_flags=0}, 8) = 0
200415 rt_sigaction(SIGILL, NULL, {sa_handler=SIG_DFL, sa_mask=[], sa_flags=0}, 8) = 0
200415 rt_sigaction(SIGTRAP, NULL, {sa_handler=SIG_DFL, sa_mask=[], sa_flags=0}, 8) = 0
200415 rt_sigaction(SIGABRT, NULL, {sa_handler=SIG_DFL, sa_mask=[], sa_flags=0}, 8) = 0
200415 rt_sigaction(SIGBUS, NULL, {sa_handler=SIG_DFL, sa_mask=[], sa_flags=0}, 8) = 0
200415 rt_sigaction(SIGFPE, NULL, {sa_handler=SIG_DFL, sa_mask=[], sa_flags=0}, 8) = 0
200415 rt_sigaction(SIGKILL, NULL, {sa_handler=SIG_DFL, sa_mask=[], sa_flags=0}, 8) = 0
200415 rt_sigaction(SIGUSR1, NULL, {sa_handler=SIG_DFL, sa_mask=[], sa_flags=0}, 8) = 0
200415 rt_sigaction(SIGSEGV, NULL, {sa_handler=SIG_DFL, sa_mask=[], sa_flags=0}, 8) = 0
200415 rt_sigaction(SIGUSR2, NULL, {sa_handler=SIG_DFL, sa_mask=[], sa_flags=0}, 8) = 0
200415 rt_sigaction(SIGPIPE, NULL, {sa_handler=SIG_IGN, sa_mask=[], sa_flags=SA_RESTORER|SA_ONSTACK, sa_restorer=0x7b88a2c45330}, 8) = 0
200415 rt_sigaction(SIGALRM, NULL, {sa_handler=SIG_DFL, sa_mask=[], sa_flags=0}, 8) = 0
200415 rt_sigaction(SIGTERM, NULL, {sa_handler=SIG_DFL, sa_mask=[], sa_flags=0}, 8) = 0
200415 rt_sigaction(SIGSTKFLT, NULL, {sa_handler=SIG_DFL, sa_mask=[], sa_flags=0}, 8) = 0
200415 rt_sigaction(SIGCHLD, NULL, {sa_handler=SIG_DFL, sa_mask=[], sa_flags=0}, 8) = 0
200415 rt_sigaction(SIGCONT, NULL, {sa_handler=SIG_DFL, sa_mask=[], sa_flags=0}, 8) = 0
200415 rt_sigaction(SIGSTOP, NULL, {sa_handler=SIG_DFL, sa_mask=[], sa_flags=0}, 8) = 0
200415 rt_sigaction(SIGTSTP, NULL, {sa_handler=SIG_DFL, sa_mask=[], sa_flags=0}, 8) = 0
200415 rt_sigaction(SIGTTIN, NULL, {sa_handler=SIG_DFL, sa_mask=[], sa_flags=0}, 8) = 0
200415 rt_sigaction(SIGTTOU, NULL, {sa_handler=SIG_DFL, sa_mask=[], sa_flags=0}, 8) = 0
200415 rt_sigaction(SIGURG, NULL, {sa_handler=SIG_DFL, sa_mask=[], sa_flags=0}, 8) = 0
200415 rt_sigaction(SIGXCPU, NULL, {sa_handler=SIG_DFL, sa_mask=[], sa_flags=0}, 8) = 0
200415 rt_sigaction(SIGXFSZ, NULL, {sa_handler=SIG_IGN, sa_mask=[], sa_flags=SA_RESTORER|SA_ONSTACK, sa_restorer=0x7b88a2c45330}, 8) = 0
200415 rt_sigaction(SIGVTALRM, NULL, {sa_handler=SIG_DFL, sa_mask=[], sa_flags=0}, 8) = 0
200415 rt_sigaction(SIGPROF, NULL, {sa_handler=SIG_DFL, sa_mask=[], sa_flags=0}, 8) = 0
200415 rt_sigaction(SIGWINCH, NULL, {sa_handler=SIG_DFL, sa_mask=[], sa_flags=0}, 8) = 0
200415 rt_sigaction(SIGIO, NULL, {sa_handler=SIG_DFL, sa_mask=[], sa_flags=0}, 8) = 0
200415 rt_sigaction(SIGPWR, NULL, {sa_handler=SIG_DFL, sa_mask=[], sa_flags=0}, 8) = 0
200415 rt_sigaction(SIGSYS, NULL, {sa_handler=SIG_DFL, sa_mask=[], sa_flags=0}, 8) = 0
200415 rt_sigaction(SIGRT_2, NULL, {sa_handler=SIG_DFL, sa_mask=[], sa_flags=0}, 8) = 0
200415 rt_sigaction(SIGRT_3, NULL, {sa_handler=SIG_DFL, sa_mask=[], sa_flags=0}, 8) = 0
200415 rt_sigaction(SIGRT_4, NULL, {sa_handler=SIG_DFL, sa_mask=[], sa_flags=0}, 8) = 0
200415 rt_sigaction(SIGRT_5, NULL, {sa_handler=SIG_DFL, sa_mask=[], sa_flags=0}, 8) = 0
200415 rt_sigaction(SIGRT_6, NULL, {sa_handler=SIG_DFL, sa_mask=[], sa_flags=0}, 8) = 0
200415 rt_sigaction(SIGRT_7, NULL, {sa_handler=SIG_DFL, sa_mask=[], sa_flags=0}, 8) = 0
200415 rt_sigaction(SIGRT_8, NULL, {sa_handler=SIG_DFL, sa_mask=[], sa_flags=0}, 8) = 0
200415 rt_sigaction(SIGRT_9, NULL, {sa_handler=SIG_DFL, sa_mask=[], sa_flags=0}, 8) = 0
200415 rt_sigaction(SIGRT_10, NULL, {sa_handler=SIG_DFL, sa_mask=[], sa_flags=0}, 8) = 0
200415 rt_sigaction(SIGRT_11, NULL, {sa_handler=SIG_DFL, sa_mask=[], sa_flags=0}, 8) = 0
200415 rt_sigaction(SIGRT_12, NULL, {sa_handler=SIG_DFL, sa_mask=[], sa_flags=0}, 8) = 0
200415 rt_sigaction(SIGRT_13, NULL, {sa_handler=SIG_DFL, sa_mask=[], sa_flags=0}, 8) = 0
200415 rt_sigaction(SIGRT_14, NULL, {sa_handler=SIG_DFL, sa_mask=[], sa_flags=0}, 8) = 0
200415 rt_sigaction(SIGRT_15, NULL, {sa_handler=SIG_DFL, sa_mask=[], sa_flags=0}, 8) = 0
200415 rt_sigaction(SIGRT_16, NULL, {sa_handler=SIG_DFL, sa_mask=[], sa_flags=0}, 8) = 0
200415 rt_sigaction(SIGRT_17, NULL, {sa_handler=SIG_DFL, sa_mask=[], sa_flags=0}, 8) = 0
200415 rt_sigaction(SIGRT_18, NULL, {sa_handler=SIG_DFL, sa_mask=[], sa_flags=0}, 8) = 0
200415 rt_sigaction(SIGRT_19, NULL, {sa_handler=SIG_DFL, sa_mask=[], sa_flags=0}, 8) = 0
200415 rt_sigaction(SIGRT_20, NULL, {sa_handler=SIG_DFL, sa_mask=[], sa_flags=0}, 8) = 0
200415 rt_sigaction(SIGRT_21, NULL, {sa_handler=SIG_DFL, sa_mask=[], sa_flags=0}, 8) = 0
200415 rt_sigaction(SIGRT_22, NULL, {sa_handler=SIG_DFL, sa_mask=[], sa_flags=0}, 8) = 0
200415 rt_sigaction(SIGRT_23, NULL, {sa_handler=SIG_DFL, sa_mask=[], sa_flags=0}, 8) = 0
200415 rt_sigaction(SIGRT_24, NULL, {sa_handler=SIG_DFL, sa_mask=[], sa_flags=0}, 8) = 0
200415 rt_sigaction(SIGRT_25, NULL, {sa_handler=SIG_DFL, sa_mask=[], sa_flags=0}, 8) = 0
200415 rt_sigaction(SIGRT_26, NULL, {sa_handler=SIG_DFL, sa_mask=[], sa_flags=0}, 8) = 0
200415 rt_sigaction(SIGRT_27, NULL, {sa_handler=SIG_DFL, sa_mask=[], sa_flags=0}, 8) = 0
200415 rt_sigaction(SIGRT_28, NULL, {sa_handler=SIG_DFL, sa_mask=[], sa_flags=0}, 8) = 0
200415 rt_sigaction(SIGRT_29, NULL, {sa_handler=SIG_DFL, sa_mask=[], sa_flags=0}, 8) = 0
200415 rt_sigaction(SIGRT_30, NULL, {sa_handler=SIG_DFL, sa_mask=[], sa_flags=0}, 8) = 0
200415 rt_sigaction(SIGRT_31, NULL, {sa_handler=SIG_DFL, sa_mask=[], sa_flags=0}, 8) = 0
200415 rt_sigaction(SIGRT_32, NULL, {sa_handler=SIG_DFL, sa_mask=[], sa_flags=0}, 8) = 0
200415 fstat(0, {st_mode=S_IFCHR|0666, st_rdev=makedev(0x1, 0x3), ...}) = 0
200415 fcntl(0, F_GETFD)                = 0
200415 fstat(0, {st_mode=S_IFCHR|0666, st_rdev=makedev(0x1, 0x3), ...}) = 0
200415 ioctl(0, TCGETS, 0x7ffc43a4e820) = -1 ENOTTY (Inappropriate ioctl for device)
200415 lseek(0, 0, SEEK_CUR)            = 0
200415 ioctl(0, TCGETS, 0x7ffc43a4eab0) = -1 ENOTTY (Inappropriate ioctl for device)
200415 fcntl(1, F_GETFD)                = 0
200415 fstat(1, {st_mode=S_IFREG|0664, st_size=100, ...}) = 0
200415 ioctl(1, TCGETS, 0x7ffc43a4eab0) = -1 ENOTTY (Inappropriate ioctl for device)
200415 lseek(1, 0, SEEK_CUR)            = 100
200415 lseek(1, 0, SEEK_CUR)            = 100
200415 fcntl(2, F_GETFD)                = 0
200415 fstat(2, {st_mode=S_IFREG|0664, st_size=100, ...}) = 0
200415 ioctl(2, TCGETS, 0x7ffc43a4eab0) = -1 ENOTTY (Inappropriate ioctl for device)
200415 lseek(2, 0, SEEK_CUR)            = 100
200415 lseek(2, 0, SEEK_CUR)            = 100
200415 mmap(NULL, 1048576, PROT_READ|PROT_WRITE, MAP_PRIVATE|MAP_ANONYMOUS, -1, 0) = 0x7b88a2b00000
200415 newfstatat(AT_FDCWD, "/home/ubuntu/cytrone/.venv/bin/pyvenv.cfg", 0x7ffc43a4e0a0, 0) = -1 ENOENT (No such file or directory)
200415 newfstatat(AT_FDCWD, "/home/ubuntu/cytrone/.venv/pyvenv.cfg", {st_mode=S_IFREG|0664, st_size=165, ...}, 0) = 0
200415 openat(AT_FDCWD, "/home/ubuntu/cytrone/.venv/pyvenv.cfg", O_RDONLY|O_CLOEXEC) = 3
200415 fstat(3, {st_mode=S_IFREG|0664, st_size=165, ...}) = 0
200415 ioctl(3, TCGETS, 0x7ffc43a4e140) = -1 ENOTTY (Inappropriate ioctl for device)
200415 lseek(3, 0, SEEK_CUR)            = 0
200415 read(3, "home = /usr/bin\ninclude-system-s"..., 8192) = 165
200415 read(3, "", 8192)                = 0
200415 close(3)                         = 0
200415 newfstatat(AT_FDCWD, "/home/ubuntu/cytrone/.venv/lib/python3.12/site-packages", {st_mode=S_IFDIR|0775, st_size=4096, ...}, 0) = 0
200415 openat(AT_FDCWD, "/home/ubuntu/cytrone/.venv/lib/python3.12/site-packages", O_RDONLY|O_NONBLOCK|O_CLOEXEC|O_DIRECTORY) = 3
200415 fstat(3, {st_mode=S_IFDIR|0775, st_size=4096, ...}) = 0
200415 getdents64(3, 0x59b4370 /* 19 entries */, 32768) = 696
200415 getdents64(3, 0x59b4370 /* 0 entries */, 32768) = 0
200415 close(3)                         = 0
200415 newfstatat(AT_FDCWD, "/home/ubuntu/cytrone/.venv/local/lib/python3.12/dist-packages", 0x7ffc43a4e330, 0) = -1 ENOENT (No such file or directory)
200415 newfstatat(AT_FDCWD, "/home/ubuntu/cytrone/.venv/lib/python3/dist-packages", 0x7ffc43a4e330, 0) = -1 ENOENT (No such file or directory)
200415 newfstatat(AT_FDCWD, "/home/ubuntu/cytrone/.venv/lib/python3.12/dist-packages", 0x7ffc43a4e330, 0) = -1 ENOENT (No such file or directory)
200415 newfstatat(AT_FDCWD, "/home/ubuntu/cytrone/.venv/lib/python3.12/site-packages", {st_mode=S_IFDIR|0775, st_size=4096, ...}, 0) = 0
200415 openat(AT_FDCWD, "/home/ubuntu/cytrone/.venv/lib/python3.12/site-packages", O_RDONLY|O_NONBLOCK|O_CLOEXEC|O_DIRECTORY) = 3
200415 fstat(3, {st_mode=S_IFDIR|0775, st_size=4096, ...}) = 0
200415 getdents64(3, 0x59b4370 /* 19 entries */, 32768) = 696
200415 getdents64(3, 0x59b4370 /* 0 entries */, 32768) = 0
200415 close(3)                         = 0
200415 newfstatat(AT_FDCWD, "/home/ubuntu/cytrone/.venv/local/lib/python3.12/dist-packages", 0x7ffc43a4e330, 0) = -1 ENOENT (No such file or directory)
200415 newfstatat(AT_FDCWD, "/home/ubuntu/cytrone/.venv/lib/python3/dist-packages", 0x7ffc43a4e330, 0) = -1 ENOENT (No such file or directory)
200415 newfstatat(AT_FDCWD, "/home/ubuntu/cytrone/.venv/lib/python3.12/dist-packages", 0x7ffc43a4e330, 0) = -1 ENOENT (No such file or directory)
200415 newfstatat(AT_FDCWD, "/home/ubuntu/cytrone/code", {st_mode=S_IFDIR|0775, st_size=4096, ...}, 0) = 0
200415 newfstatat(AT_FDCWD, "/home/ubuntu/cytrone/cylms", {st_mode=S_IFDIR|0775, st_size=4096, ...}, 0) = 0
200415 newfstatat(AT_FDCWD, "/usr/lib/python3.12", {st_mode=S_IFDIR|0755, st_size=8192, ...}, 0) = 0
200415 newfstatat(AT_FDCWD, "/usr/lib/python3.12/sitecustomize.py", {st_mode=S_IFREG|0644, st_size=155, ...}, 0) = 0
200415 newfstatat(AT_FDCWD, "/usr/lib/python3.12/sitecustomize.py", {st_mode=S_IFREG|0644, st_size=155, ...}, 0) = 0
200415 openat(AT_FDCWD, "/usr/lib/python3.12/__pycache__/sitecustomize.cpython-312.pyc", O_RDONLY|O_CLOEXEC) = 3
200415 fstat(3, {st_mode=S_IFREG|0644, st_size=300, ...}) = 0
200415 ioctl(3, TCGETS, 0x7ffc43a4dc10) = -1 ENOTTY (Inappropriate ioctl for device)
200415 lseek(3, 0, SEEK_CUR)            = 0
200415 lseek(3, 0, SEEK_CUR)            = 0
200415 fstat(3, {st_mode=S_IFREG|0644, st_size=300, ...}) = 0
200415 read(3, "\313\r\r\n\0\0\0\0\303(\242g\233\0\0\0\343\0\0\0\0\0\0\0\0\0\0\0\0\4\0\0"..., 301) = 300
200415 read(3, "", 1)                   = 0
200415 close(3)                         = 0
200415 newfstatat(AT_FDCWD, "/home/ubuntu/cytrone/code", {st_mode=S_IFDIR|0775, st_size=4096, ...}, 0) = 0
200415 newfstatat(AT_FDCWD, "/home/ubuntu/cytrone/cylms", {st_mode=S_IFDIR|0775, st_size=4096, ...}, 0) = 0
200415 newfstatat(AT_FDCWD, "/usr/lib/python3.12", {st_mode=S_IFDIR|0755, st_size=8192, ...}, 0) = 0
200415 newfstatat(AT_FDCWD, "/usr/lib/python3.12/lib-dynload", {st_mode=S_IFDIR|0755, st_size=4096, ...}, 0) = 0
200415 newfstatat(AT_FDCWD, "/usr/lib/python3.12/lib-dynload", {st_mode=S_IFDIR|0755, st_size=4096, ...}, 0) = 0
200415 newfstatat(AT_FDCWD, "/usr/lib/python3.12/lib-dynload", {st_mode=S_IFDIR|0755, st_size=4096, ...}, 0) = 0
200415 openat(AT_FDCWD, "/usr/lib/python3.12/lib-dynload", O_RDONLY|O_NONBLOCK|O_CLOEXEC|O_DIRECTORY) = 3
200415 fstat(3, {st_mode=S_IFDIR|0755, st_size=4096, ...}) = 0
200415 getdents64(3, 0x59b4370 /* 49 entries */, 32768) = 3104
200415 getdents64(3, 0x59b4370 /* 0 entries */, 32768) = 0
200415 close(3)                         = 0
200415 newfstatat(AT_FDCWD, "/home/ubuntu/cytrone/.venv/lib/python3.12/site-packages", {st_mode=S_IFDIR|0775, st_size=4096, ...}, 0) = 0
200415 newfstatat(AT_FDCWD, "/home/ubuntu/cytrone/.venv/lib/python3.12/site-packages", {st_mode=S_IFDIR|0775, st_size=4096, ...}, 0) = 0
200415 newfstatat(AT_FDCWD, "/home/ubuntu/cytrone/.venv/lib/python3.12/site-packages", {st_mode=S_IFDIR|0775, st_size=4096, ...}, 0) = 0
200415 openat(AT_FDCWD, "/home/ubuntu/cytrone/.venv/lib/python3.12/site-packages", O_RDONLY|O_NONBLOCK|O_CLOEXEC|O_DIRECTORY) = 3
200415 fstat(3, {st_mode=S_IFDIR|0775, st_size=4096, ...}) = 0
200415 getdents64(3, 0x59b4370 /* 19 entries */, 32768) = 696
200415 getdents64(3, 0x59b4370 /* 0 entries */, 32768) = 0
200415 close(3)                         = 0
200415 newfstatat(AT_FDCWD, "/home/ubuntu/cytrone/code/contsrv.py", {st_mode=S_IFREG|0775, st_size=5147, ...}, 0) = 0
200415 openat(AT_FDCWD, "/home/ubuntu/cytrone/code/contsrv.py", O_RDONLY|O_CLOEXEC) = 3
200415 fstat(3, {st_mode=S_IFREG|0775, st_size=5147, ...}) = 0
200415 ioctl(3, TCGETS, 0x7ffc43a4e770) = -1 ENOTTY (Inappropriate ioctl for device)
200415 lseek(3, 0, SEEK_CUR)            = 0
200415 lseek(3, 0, SEEK_CUR)            = 0
200415 lseek(3, -22, SEEK_END)          = 5125
200415 lseek(3, 0, SEEK_CUR)            = 5125
200415 read(3, "   main(sys.argv[1:])\n", 4096) = 22
200415 lseek(3, 0, SEEK_END)            = 5147
200415 lseek(3, 0, SEEK_CUR)            = 5147
200415 lseek(3, 0, SEEK_SET)            = 0
200415 lseek(3, 0, SEEK_CUR)            = 0
200415 fstat(3, {st_mode=S_IFREG|0775, st_size=5147, ...}) = 0
200415 read(3, "\nimport logging\nfrom http.server"..., 5148) = 5147
200415 read(3, "", 1)                   = 0
200415 lseek(3, 0, SEEK_SET)            = 0
200415 close(3)                         = 0
200415 newfstatat(AT_FDCWD, "/home/ubuntu/cytrone/code/contsrv.py", {st_mode=S_IFREG|0775, st_size=5147, ...}, 0) = 0
200415 readlink("/home/ubuntu/cytrone/code/contsrv.py", 0x7ffc43a3df10, 4096) = -1 EINVAL (Invalid argument)
200415 readlink("/home", 0x7ffc43a3dab0, 1023) = -1 EINVAL (Invalid argument)
200415 readlink("/home/ubuntu", 0x7ffc43a3dab0, 1023) = -1 EINVAL (Invalid argument)
200415 readlink("/home/ubuntu/cytrone", 0x7ffc43a3dab0, 1023) = -1 EINVAL (Invalid argument)
200415 readlink("/home/ubuntu/cytrone/code", 0x7ffc43a3dab0, 1023) = -1 EINVAL (Invalid argument)
200415 readlink("/home/ubuntu/cytrone/code/contsrv.py", 0x7ffc43a3dab0, 1023) = -1 EINVAL (Invalid argument)
200415 openat(AT_FDCWD, "/home/ubuntu/cytrone/code/contsrv.py", O_RDONLY) = 3
200415 ioctl(3, FIOCLEX)                = 0
200415 fstat(3, {st_mode=S_IFREG|0775, st_size=5147, ...}) = 0
200415 ioctl(3, TCGETS, 0x7ffc43a4eea0) = -1 ENOTTY (Inappropriate ioctl for device)
200415 lseek(3, 0, SEEK_CUR)            = 0
200415 fstat(3, {st_mode=S_IFREG|0775, st_size=5147, ...}) = 0
200415 read(3, "\nimport logging\nfrom http.server"..., 4096) = 4096
200415 lseek(3, 0, SEEK_SET)            = 0
200415 read(3, "\nimport logging\nfrom http.server"..., 4096) = 4096
200415 brk(0x59e6000)                   = 0x59e6000
200415 brk(0x5a08000)                   = 0x5a08000
200415 read(3, "[1].strip()\n        return None\n"..., 4096) = 1051
200415 brk(0x5a2a000)                   = 0x5a2a000
200415 read(3, "", 4096)                = 0
200415 close(3)                         = 0
200415 newfstatat(AT_FDCWD, "/home/ubuntu/cytrone/code", {st_mode=S_IFDIR|0775, st_size=4096, ...}, 0) = 0
200415 newfstatat(AT_FDCWD, "/home/ubuntu/cytrone/code", {st_mode=S_IFDIR|0775, st_size=4096, ...}, 0) = 0
200415 newfstatat(AT_FDCWD, "/home/ubuntu/cytrone/cylms", {st_mode=S_IFDIR|0775, st_size=4096, ...}, 0) = 0
200415 newfstatat(AT_FDCWD, "/usr/lib/python3.12", {st_mode=S_IFDIR|0755, st_size=8192, ...}, 0) = 0
200415 newfstatat(AT_FDCWD, "/usr/lib/python3.12/logging/__init__.cpython-312-x86_64-linux-gnu.so", 0x7ffc43a4e7d0, 0) = -1 ENOENT (No such file or directory)
200415 newfstatat(AT_FDCWD, "/usr/lib/python3.12/logging/__init__.abi3.so", 0x7ffc43a4e7d0, 0) = -1 ENOENT (No such file or directory)
200415 newfstatat(AT_FDCWD, "/usr/lib/python3.12/logging/__init__.so", 0x7ffc43a4e7d0, 0) = -1 ENOENT (No such file or directory)
200415 newfstatat(AT_FDCWD, "/usr/lib/python3.12/logging/__init__.py", {st_mode=S_IFREG|0644, st_size=83437, ...}, 0) = 0
200415 newfstatat(AT_FDCWD, "/usr/lib/python3.12/logging/__init__.py", {st_mode=S_IFREG|0644, st_size=83437, ...}, 0) = 0
200415 openat(AT_FDCWD, "/usr/lib/python3.12/logging/__pycache__/__init__.cpython-312.pyc", O_RDONLY|O_CLOEXEC) = 3
200415 fstat(3, {st_mode=S_IFREG|0644, st_size=95463, ...}) = 0
200415 ioctl(3, TCGETS, 0x7ffc43a4e470) = -1 ENOTTY (Inappropriate ioctl for device)
200415 lseek(3, 0, SEEK_CUR)            = 0
200415 lseek(3, 0, SEEK_CUR)            = 0
200415 fstat(3, {st_mode=S_IFREG|0644, st_size=95463, ...}) = 0
200415 read(3, "\313\r\r\n\0\0\0\0\221\376Rh\355E\1\0\343\0\0\0\0\0\0\0\0\0\0\0\0\f\0\0"..., 95464) = 95463
200415 read(3, "", 1)                   = 0
200415 close(3)                         = 0
200415 newfstatat(AT_FDCWD, "/home/ubuntu/cytrone/code", {st_mode=S_IFDIR|0775, st_size=4096, ...}, 0) = 0
200415 newfstatat(AT_FDCWD, "/home/ubuntu/cytrone/code", {st_mode=S_IFDIR|0775, st_size=4096, ...}, 0) = 0
200415 newfstatat(AT_FDCWD, "/home/ubuntu/cytrone/cylms", {st_mode=S_IFDIR|0775, st_size=4096, ...}, 0) = 0
200415 newfstatat(AT_FDCWD, "/usr/lib/python3.12", {st_mode=S_IFDIR|0755, st_size=8192, ...}, 0) = 0
200415 newfstatat(AT_FDCWD, "/usr/lib/python3.12/re/__init__.cpython-312-x86_64-linux-gnu.so", 0x7ffc43a4e160, 0) = -1 ENOENT (No such file or directory)
200415 newfstatat(AT_FDCWD, "/usr/lib/python3.12/re/__init__.abi3.so", 0x7ffc43a4e160, 0) = -1 ENOENT (No such file or directory)
200415 newfstatat(AT_FDCWD, "/usr/lib/python3.12/re/__init__.so", 0x7ffc43a4e160, 0) = -1 ENOENT (No such file or directory)
200415 newfstatat(AT_FDCWD, "/usr/lib/python3.12/re/__init__.py", {st_mode=S_IFREG|0644, st_size=16315, ...}, 0) = 0
200415 newfstatat(AT_FDCWD, "/usr/lib/python3.12/re/__init__.py", {st_mode=S_IFREG|0644, st_size=16315, ...}, 0) = 0
200415 openat(AT_FDCWD, "/usr/lib/python3.12/re/__pycache__/__init__.cpython-312.pyc", O_RDONLY|O_CLOEXEC) = 3
200415 fstat(3, {st_mode=S_IFREG|0644, st_size=17938, ...}) = 0
200415 ioctl(3, TCGETS, 0x7ffc43a4de00) = -1 ENOTTY (Inappropriate ioctl for device)
200415 lseek(3, 0, SEEK_CUR)            = 0
200415 lseek(3, 0, SEEK_CUR)            = 0
200415 fstat(3, {st_mode=S_IFREG|0644, st_size=17938, ...}) = 0
200415 read(3, "\313\r\r\n\0\0\0\0\221\376Rh\273?\0\0\343\0\0\0\0\0\0\0\0\0\0\0\0\10\0\0"..., 17939) = 17938
200415 read(3, "", 1)                   = 0
200415 close(3)                         = 0
200415 newfstatat(AT_FDCWD, "/home/ubuntu/cytrone/code", {st_mode=S_IFDIR|0775, st_size=4096, ...}, 0) = 0
200415 newfstatat(AT_FDCWD, "/home/ubuntu/cytrone/code", {st_mode=S_IFDIR|0775, st_size=4096, ...}, 0) = 0
200415 newfstatat(AT_FDCWD, "/home/ubuntu/cytrone/cylms", {st_mode=S_IFDIR|0775, st_size=4096, ...}, 0) = 0
200415 newfstatat(AT_FDCWD, "/usr/lib/python3.12", {st_mode=S_IFDIR|0755, st_size=8192, ...}, 0) = 0
200415 newfstatat(AT_FDCWD, "/usr/lib/python3.12/enum.py", {st_mode=S_IFREG|0644, st_size=81636, ...}, 0) = 0
200415 newfstatat(AT_FDCWD, "/usr/lib/python3.12/enum.py", {st_mode=S_IFREG|0644, st_size=81636, ...}, 0) = 0
200415 openat(AT_FDCWD, "/usr/lib/python3.12/__pycache__/enum.cpython-312.pyc", O_RDONLY|O_CLOEXEC) = 3
200415 fstat(3, {st_mode=S_IFREG|0644, st_size=80708, ...}) = 0
200415 ioctl(3, TCGETS, 0x7ffc43a4d790) = -1 ENOTTY (Inappropriate ioctl for device)
200415 lseek(3, 0, SEEK_CUR)            = 0
200415 lseek(3, 0, SEEK_CUR)            = 0
200415 fstat(3, {st_mode=S_IFREG|0644, st_size=80708, ...}) = 0
200415 read(3, "\313\r\r\n\0\0\0\0\221\376Rh\344>\1\0\343\0\0\0\0\0\0\0\0\0\0\0\0\10\0\0"..., 80709) = 80708
200415 read(3, "", 1)                   = 0
200415 close(3)                         = 0
200415 newfstatat(AT_FDCWD, "/home/ubuntu/cytrone/code", {st_mode=S_IFDIR|0775, st_size=4096, ...}, 0) = 0
200415 newfstatat(AT_FDCWD, "/home/ubuntu/cytrone/code", {st_mode=S_IFDIR|0775, st_size=4096, ...}, 0) = 0
200415 newfstatat(AT_FDCWD, "/home/ubuntu/cytrone/cylms", {st_mode=S_IFDIR|0775, st_size=4096, ...}, 0) = 0
200415 newfstatat(AT_FDCWD, "/usr/lib/python3.12", {st_mode=S_IFDIR|0755, st_size=8192, ...}, 0) = 0
200415 newfstatat(AT_FDCWD, "/usr/lib/python3.12/types.py", {st_mode=S_IFREG|0644, st_size=10993, ...}, 0) = 0
200415 newfstatat(AT_FDCWD, "/usr/lib/python3.12/types.py", {st_mode=S_IFREG|0644, st_size=10993, ...}, 0) = 0
200415 openat(AT_FDCWD, "/usr/lib/python3.12/__pycache__/types.cpython-312.pyc", O_RDONLY|O_CLOEXEC) = 3
200415 fstat(3, {st_mode=S_IFREG|0644, st_size=14939, ...}) = 0
200415 ioctl(3, TCGETS, 0x7ffc43a4d120) = -1 ENOTTY (Inappropriate ioctl for device)
200415 lseek(3, 0, SEEK_CUR)            = 0
200415 lseek(3, 0, SEEK_CUR)            = 0
200415 fstat(3, {st_mode=S_IFREG|0644, st_size=14939, ...}) = 0
200415 read(3, "\313\r\r\n\0\0\0\0\221\376Rh\361*\0\0\343\0\0\0\0\0\0\0\0\0\0\0\0\6\0\0"..., 14940) = 14939
200415 read(3, "", 1)                   = 0
200415 close(3)                         = 0
200415 newfstatat(AT_FDCWD, "/home/ubuntu/cytrone/code", {st_mode=S_IFDIR|0775, st_size=4096, ...}, 0) = 0
200415 newfstatat(AT_FDCWD, "/home/ubuntu/cytrone/code", {st_mode=S_IFDIR|0775, st_size=4096, ...}, 0) = 0
200415 newfstatat(AT_FDCWD, "/home/ubuntu/cytrone/cylms", {st_mode=S_IFDIR|0775, st_size=4096, ...}, 0) = 0
200415 newfstatat(AT_FDCWD, "/usr/lib/python3.12", {st_mode=S_IFDIR|0755, st_size=8192, ...}, 0) = 0
200415 newfstatat(AT_FDCWD, "/usr/lib/python3.12/operator.py", {st_mode=S_IFREG|0644, st_size=10965, ...}, 0) = 0
200415 newfstatat(AT_FDCWD, "/usr/lib/python3.12/operator.py", {st_mode=S_IFREG|0644, st_size=10965, ...}, 0) = 0
200415 openat(AT_FDCWD, "/usr/lib/python3.12/__pycache__/operator.cpython-312.pyc", O_RDONLY|O_CLOEXEC) = 3
200415 fstat(3, {st_mode=S_IFREG|0644, st_size=17364, ...}) = 0
200415 ioctl(3, TCGETS, 0x7ffc43a4d120) = -1 ENOTTY (Inappropriate ioctl for device)
200415 lseek(3, 0, SEEK_CUR)            = 0
200415 lseek(3, 0, SEEK_CUR)            = 0
200415 fstat(3, {st_mode=S_IFREG|0644, st_size=17364, ...}) = 0
200415 read(3, "\313\r\r\n\0\0\0\0\221\376Rh\325*\0\0\343\0\0\0\0\0\0\0\0\0\0\0\0\4\0\0"..., 17365) = 17364
200415 read(3, "", 1)                   = 0
200415 close(3)                         = 0
200415 newfstatat(AT_FDCWD, "/home/ubuntu/cytrone/code", {st_mode=S_IFDIR|0775, st_size=4096, ...}, 0) = 0
200415 newfstatat(AT_FDCWD, "/home/ubuntu/cytrone/code", {st_mode=S_IFDIR|0775, st_size=4096, ...}, 0) = 0
200415 newfstatat(AT_FDCWD, "/home/ubuntu/cytrone/cylms", {st_mode=S_IFDIR|0775, st_size=4096, ...}, 0) = 0
200415 newfstatat(AT_FDCWD, "/usr/lib/python3.12", {st_mode=S_IFDIR|0755, st_size=8192, ...}, 0) = 0
200415 newfstatat(AT_FDCWD, "/usr/lib/python3.12/functools.py", {st_mode=S_IFREG|0644, st_size=38126, ...}, 0) = 0
200415 newfstatat(AT_FDCWD, "/usr/lib/python3.12/functools.py", {st_mode=S_IFREG|0644, st_size=38126, ...}, 0) = 0
200415 openat(AT_FDCWD, "/usr/lib/python3.12/__pycache__/functools.cpython-312.pyc", O_RDONLY|O_CLOEXEC) = 3
200415 fstat(3, {st_mode=S_IFREG|0644, st_size=40506, ...}) = 0
200415 ioctl(3, TCGETS, 0x7ffc43a4d120) = -1 ENOTTY (Inappropriate ioctl for device)
200415 lseek(3, 0, SEEK_CUR)            = 0
200415 lseek(3, 0, SEEK_CUR)            = 0
200415 fstat(3, {st_mode=S_IFREG|0644, st_size=40506, ...}) = 0
200415 read(3, "\313\r\r\n\0\0\0\0\221\376Rh\356\224\0\0\343\0\0\0\0\0\0\0\0\0\0\0\0\7\0\0"..., 40507) = 40506
200415 read(3, "", 1)                   = 0
200415 close(3)                         = 0
200415 newfstatat(AT_FDCWD, "/home/ubuntu/cytrone/code", {st_mode=S_IFDIR|0775, st_size=4096, ...}, 0) = 0
200415 newfstatat(AT_FDCWD, "/home/ubuntu/cytrone/code", {st_mode=S_IFDIR|0775, st_size=4096, ...}, 0) = 0
200415 newfstatat(AT_FDCWD, "/home/ubuntu/cytrone/cylms", {st_mode=S_IFDIR|0775, st_size=4096, ...}, 0) = 0
200415 newfstatat(AT_FDCWD, "/usr/lib/python3.12", {st_mode=S_IFDIR|0755, st_size=8192, ...}, 0) = 0
200415 newfstatat(AT_FDCWD, "/usr/lib/python3.12/collections/__init__.cpython-312-x86_64-linux-gnu.so", 0x7ffc43a4ce10, 0) = -1 ENOENT (No such file or directory)
200415 newfstatat(AT_FDCWD, "/usr/lib/python3.12/collections/__init__.abi3.so", 0x7ffc43a4ce10, 0) = -1 ENOENT (No such file or directory)
200415 newfstatat(AT_FDCWD, "/usr/lib/python3.12/collections/__init__.so", 0x7ffc43a4ce10, 0) = -1 ENOENT (No such file or directory)
200415 newfstatat(AT_FDCWD, "/usr/lib/python3.12/collections/__init__.py", {st_mode=S_IFREG|0644, st_size=52378, ...}, 0) = 0
200415 newfstatat(AT_FDCWD, "/usr/lib/python3.12/collections/__init__.py", {st_mode=S_IFREG|0644, st_size=52378, ...}, 0) = 0
200415 openat(AT_FDCWD, "/usr/lib/python3.12/collections/__pycache__/__init__.cpython-312.pyc", O_RDONLY|O_CLOEXEC) = 3
200415 fstat(3, {st_mode=S_IFREG|0644, st_size=73089, ...}) = 0
200415 ioctl(3, TCGETS, 0x7ffc43a4cab0) = -1 ENOTTY (Inappropriate ioctl for device)
200415 lseek(3, 0, SEEK_CUR)            = 0
200415 lseek(3, 0, SEEK_CUR)            = 0
200415 fstat(3, {st_mode=S_IFREG|0644, st_size=73089, ...}) = 0
200415 brk(0x5a4e000)                   = 0x5a4e000
200415 read(3, "\313\r\r\n\0\0\0\0\221\376Rh\232\314\0\0\343\0\0\0\0\0\0\0\0\0\0\0\0\5\0\0"..., 73090) = 73089
200415 read(3, "", 1)                   = 0
200415 close(3)                         = 0
200415 --- SIGTERM {si_signo=SIGTERM, si_code=SI_USER, si_pid=200406, si_uid=1000} ---
200415 +++ killed by SIGTERM +++
